<?xml version="1.0" encoding="UTF-8"?>
<!-- Generated by org.testng.reporters.JUnitReportReporter -->
<testsuite hostname="DESKTOP-Q62ER35" failures="0" tests="1" name="TestRunner.CucumberTestRunnerWithTags" time="0.060" errors="0" timestamp="2024-10-01T11:14:15 IST" skipped="0">
  <testcase classname="TestRunner.CucumberTestRunnerWithTags" name="runScenario" time="0.060"/>
</testsuite> <!-- TestRunner.CucumberTestRunnerWithTags -->
