<?xml version="1.0" encoding="UTF-8"?>
<!-- Generated by org.testng.reporters.JUnitReportReporter -->
<testsuite hostname="DESKTOP-Q62ER35" failures="0" tests="1" name="TestRunner.CucumberTestRunner" time="13.319" errors="0" timestamp="2024-10-01T12:59:03 IST" skipped="0">
  <testcase classname="TestRunner.CucumberTestRunner" name="runScenario" time="13.319"/>
</testsuite> <!-- TestRunner.CucumberTestRunner -->
